<?xml version="1.0" encoding="UTF-8"?>
<!-- Generated by org.testng.reporters.JUnitReportReporter -->
<testsuite hostname="DESKTOP-D02U46B" failures="0" tests="2" name="testRunner.TestRunner" time="8.628" errors="0" timestamp="2023-11-09T12:42:06 CST" skipped="0">
  <testcase classname="testRunner.TestRunner" name="runScenario" time="5.050"/>
  <testcase classname="testRunner.TestRunner" name="runScenario" time="3.578"/>
</testsuite> <!-- testRunner.TestRunner -->
